
[1mInitial chunk files[22m[2m | [22m[1mNames[22m                                            [2m | [22m [1mRaw size[22m[2m | [22m[1mEstimated transfer size[22m
[32mmain.js[39m            [2m | [22m[2mmain[22m                                             [2m | [22m[36m505.95 kB[39m[2m | [22m              [36m124.17 kB[39m
[32mpolyfills.js[39m       [2m | [22m[2mpolyfills[22m                                        [2m | [22m [36m34.84 kB[39m[2m | [22m               [36m11.40 kB[39m
[32mstyles.css[39m         [2m | [22m[2mstyles[22m                                           [2m | [22m [36m24.46 kB[39m[2m | [22m                [36m1.55 kB[39m
[32mruntime.js[39m         [2m | [22m[2mruntime[22m                                          [2m | [22m  [36m2.83 kB[39m[2m | [22m                [36m1.30 kB[39m

[1m [22m                  [2m | [22m[1mInitial total[22m                                    [2m | [22m[1m568.08 kB[22m[2m | [22m              [1m138.42 kB[22m

[1mLazy chunk files[22m   [2m | [22m[1mNames[22m                                            [2m | [22m [1mRaw size[22m[2m | [22m[1mEstimated transfer size[22m
[32m559.js[39m             [2m | [22m[2mfeatures-training-training-module[22m                [2m | [22m[36m414.44 kB[39m[2m | [22m               [36m89.89 kB[39m
[32m848.js[39m             [2m | [22m[2mfeatures-chat-chat-module[22m                        [2m | [22m[36m103.22 kB[39m[2m | [22m               [36m25.85 kB[39m
[32m955.js[39m             [2m | [22m[2mfeatures-courses-courses-module[22m                  [2m | [22m [36m72.30 kB[39m[2m | [22m               [36m14.72 kB[39m
[32m259.js[39m             [2m | [22m[2mfeatures-training-details-training-details-module[22m[2m | [22m [36m57.80 kB[39m[2m | [22m               [36m10.98 kB[39m
[32m438.js[39m             [2m | [22m[2mfeatures-events-events-module[22m                    [2m | [22m [36m50.21 kB[39m[2m | [22m               [36m10.27 kB[39m
[32m656.js[39m             [2m | [22m[2mfeatures-clubs-clubs-module[22m                      [2m | [22m [36m48.68 kB[39m[2m | [22m                [36m8.91 kB[39m
[32m281.js[39m             [2m | [22m[2mfeatures-lesson-details-lesson-details-module[22m    [2m | [22m [36m45.62 kB[39m[2m | [22m               [36m10.17 kB[39m
[32m210.js[39m             [2m | [22m[2mfeatures-course-view-course-view-module[22m          [2m | [22m [36m43.38 kB[39m[2m | [22m                [36m9.34 kB[39m
[32m885.js[39m             [2m | [22m[2mquiz-quiz-module[22m                                 [2m | [22m [36m33.65 kB[39m[2m | [22m                [36m7.56 kB[39m
[32m741.js[39m             [2m | [22m[2mfeatures-games-games-module[22m                      [2m | [22m [36m26.23 kB[39m[2m | [22m                [36m5.88 kB[39m
[32m703.js[39m             [2m | [22m[2mfeatures-blog-blog-module[22m                        [2m | [22m [36m20.68 kB[39m[2m | [22m                [36m5.23 kB[39m
[32mcommon.js[39m          [2m | [22m[2mcommon[22m                                           [2m | [22m [36m10.28 kB[39m[2m | [22m                [36m2.98 kB[39m
[32m342.js[39m             [2m | [22m[2mfeatures-payment-payment-module[22m                  [2m | [22m  [36m6.88 kB[39m[2m | [22m                [36m2.11 kB[39m
[32m557.js[39m             [2m | [22m[2mfeatures-landing-landing-module[22m                  [2m | [22m  [36m6.78 kB[39m[2m | [22m                [36m2.10 kB[39m
[32m489.js[39m             [2m | [22m[2mfeatures-search-search-module[22m                    [2m | [22m  [36m6.75 kB[39m[2m | [22m                [36m2.08 kB[39m
[32m988.js[39m             [2m | [22m[2mfeatures-event-categories-event-categories-module[22m[2m | [22m  [36m5.07 kB[39m[2m | [22m                [36m1.65 kB[39m

Build at: 2026-03-05T04:51:44.474Z - Hash: fcbeda06210bba27 - Time: 18592ms
npx : [1m[33m
At line:1 char:1
+ npx ng build 
--no-progress 2>&1 | 
Tee-Object -FilePath 
build_v5.log
+ ~~~~~~~~~~~~~~~~~~~~~
~~~~~~~~~~
    + CategoryInfo     
         : NotSpecifi  
  ed: ([1m[33m:Str   
 ing) [], RemoteExc    
eption
    + FullyQualifiedEr 
   rorId : NativeComm  
  andError
 
Warning: C:/Users/LENOV
O/Desktop/New folder (4
)/Frontend/src/app/core
/components/notificatio
n-dropdown/notification
-dropdown.component.ts 
is part of the 
TypeScript compilation 
but it's unused.
Add only entry points 
to the 'files' or 
'include' properties 
in your tsconfig.

Warning: C:/Users/LENOV
O/Desktop/New folder (4
)/Frontend/src/app/envi
ronments/environment.pr
od.ts is part of the 
TypeScript compilation 
but it's unused.
Add only entry points 
to the 'files' or 
'include' properties 
in your tsconfig.

Warning: C:/Users/LENOV
O/Desktop/New folder (4
)/Frontend/src/app/feat
ures/training/details/t
raining-details.module.
ts is part of the 
TypeScript compilation 
but it's unused.
Add only entry points 
to the 'files' or 
'include' properties 
in your tsconfig.

Warning: C:/Users/LENOV
O/Desktop/New folder (4
)/Frontend/src/app/feat
ures/training/student/c
ertificate-viewer/certi
ficate-viewer.component
.ts is part of the 
TypeScript compilation 
but it's unused.
Add only entry points 
to the 'files' or 
'include' properties 
in your tsconfig.

Warning: C:/Users/LENOV
O/Desktop/New folder (4
)/Frontend/src/app/guar
ds/role.guard.ts is 
part of the TypeScript 
compilation but it's 
unused.
Add only entry points 
to the 'files' or 
'include' properties 
in your tsconfig.

Warning: C:/Users/LENOV
O/Desktop/New folder (4
)/Frontend/src/app/serv
ices/file-upload.servic
e.ts is part of the 
TypeScript compilation 
but it's unused.
Add only entry points 
to the 'files' or 
'include' properties 
in your tsconfig.

Warning: C:/Users/LENOV
O/Desktop/New folder (4
)/Frontend/src/app/serv
ices/quiz-api.service.t
s is part of the 
TypeScript compilation 
but it's unused.
Add only entry points 
to the 'files' or 
'include' properties 
in your tsconfig.

Warning: C:\Users\LENOV
O\Desktop\New folder (4
)\Frontend\src\app\serv
ices\chat.service.ts 
depends on 
'@stomp/stompjs'. 
CommonJS or AMD 
dependencies can cause 
optimization bailouts.
For more info see: http
s://angular.dev/tools/c
li/build#configuring-co
mmonjs-dependencies

Warning: C:\Users\LENOV
O\Desktop\New folder (4
)\Frontend\src\app\serv
ices\chat.service.ts 
depends on 
'sockjs-client'. 
CommonJS or AMD 
dependencies can cause 
optimization bailouts.
For more info see: http
s://angular.dev/tools/c
li/build#configuring-co
mmonjs-dependencies

Warning: C:\Users\LENOV
O\Desktop\New folder (4
)\Frontend\src\app\user
\reset-password\reset-p
assword.component.ts 
depends on 
'sweetalert2'. 
CommonJS or AMD 
dependencies can cause 
optimization bailouts.
For more info see: http
s://angular.dev/tools/c
li/build#configuring-co
mmonjs-dependencies

[39m[22m
