
  .   ____          _            __ _ _
 /\\ / ___'_ __ _ _(_)_ __  __ _ \ \ \ \
( ( )\___ | '_ | '_| | '_ \/ _` | \ \ \ \
 \\/  ___)| |_)| | | | | || (_| |  ) ) ) )
  '  |____| .__|_| |_|_| |_\__, | / / / /
 =========|_|==============|___/=/_/_/_/

 :: Spring Boot ::               (v3.5.10)

2026-03-05T06:34:32.284+01:00  INFO 11076 --- [training-service] [           main] c.e.m.t.TrainingServiceApplication       : Starting TrainingServiceApplication v0.0.1-SNAPSHOT using Java 17.0.12 with PID 11076 (C:\Users\LENOVO\Desktop\New folder (6)\training-service\target\training-service-0.0.1-SNAPSHOT.jar started by LENOVO in C:\Users\LENOVO\Desktop\New folder (6)\training-service)
2026-03-05T06:34:32.286+01:00  INFO 11076 --- [training-service] [           main] c.e.m.t.TrainingServiceApplication       : No active profile set, falling back to 1 default profile: "default"
2026-03-05T06:34:33.754+01:00  INFO 11076 --- [training-service] [           main] .s.d.r.c.RepositoryConfigurationDelegate : Bootstrapping Spring Data JPA repositories in DEFAULT mode.
2026-03-05T06:34:33.842+01:00  INFO 11076 --- [training-service] [           main] .s.d.r.c.RepositoryConfigurationDelegate : Finished Spring Data repository scanning in 74 ms. Found 5 JPA repository interfaces.
2026-03-05T06:34:34.137+01:00  INFO 11076 --- [training-service] [           main] o.s.cloud.context.scope.GenericScope     : BeanFactory id=f0147680-1443-3013-8e99-8c5310634b25
2026-03-05T06:34:34.807+01:00  INFO 11076 --- [training-service] [           main] o.s.b.w.embedded.tomcat.TomcatWebServer  : Tomcat initialized with port 8082 (http)
2026-03-05T06:34:34.826+01:00  INFO 11076 --- [training-service] [           main] o.apache.catalina.core.StandardService   : Starting service [Tomcat]
2026-03-05T06:34:34.827+01:00  INFO 11076 --- [training-service] [           main] o.apache.catalina.core.StandardEngine    : Starting Servlet engine: [Apache Tomcat/10.1.50]
2026-03-05T06:34:34.871+01:00  INFO 11076 --- [training-service] [           main] o.a.c.c.C.[Tomcat].[localhost].[/]       : Initializing Spring embedded WebApplicationContext
2026-03-05T06:34:34.873+01:00  INFO 11076 --- [training-service] [           main] w.s.c.ServletWebServerApplicationContext : Root WebApplicationContext: initialization completed in 2518 ms
2026-03-05T06:34:35.153+01:00  INFO 11076 --- [training-service] [           main] o.hibernate.jpa.internal.util.LogHelper  : HHH000204: Processing PersistenceUnitInfo [name: default]
2026-03-05T06:34:35.219+01:00  INFO 11076 --- [training-service] [           main] org.hibernate.Version                    : HHH000412: Hibernate ORM core version 6.6.41.Final
2026-03-05T06:34:35.271+01:00  INFO 11076 --- [training-service] [           main] o.h.c.internal.RegionFactoryInitiator    : HHH000026: Second-level cache disabled
2026-03-05T06:34:35.591+01:00  INFO 11076 --- [training-service] [           main] o.s.o.j.p.SpringPersistenceUnitInfo      : No LoadTimeWeaver setup: ignoring JPA class transformer
2026-03-05T06:34:35.639+01:00  INFO 11076 --- [training-service] [           main] com.zaxxer.hikari.HikariDataSource       : HikariPool-1 - Starting...
2026-03-05T06:34:35.852+01:00  INFO 11076 --- [training-service] [           main] com.zaxxer.hikari.pool.HikariPool        : HikariPool-1 - Added connection com.mysql.cj.jdbc.ConnectionImpl@3b56947a
2026-03-05T06:34:35.854+01:00  INFO 11076 --- [training-service] [           main] com.zaxxer.hikari.HikariDataSource       : HikariPool-1 - Start completed.
2026-03-05T06:34:35.911+01:00  WARN 11076 --- [training-service] [           main] org.hibernate.dialect.Dialect            : HHH000511: The 5.5.5 version for [org.hibernate.dialect.MySQLDialect] is no longer supported, hence certain features may not work properly. The minimum supported version is 8.0.0. Check the community dialects project for available legacy versions.
2026-03-05T06:34:35.933+01:00  INFO 11076 --- [training-service] [           main] org.hibernate.orm.connections.pooling    : HHH10001005: Database info:
	Database JDBC URL [Connecting through datasource 'HikariDataSource (HikariPool-1)']
	Database driver: undefined/unknown
	Database version: 5.5.5
	Autocommit mode: undefined/unknown
	Isolation level: undefined/unknown
	Minimum pool size: undefined/unknown
	Maximum pool size: undefined/unknown
2026-03-05T06:34:36.949+01:00  INFO 11076 --- [training-service] [           main] o.h.e.t.j.p.i.JtaPlatformInitiator       : HHH000489: No JTA platform available (set 'hibernate.transaction.jta.platform' to enable JTA platform integration)
2026-03-05T06:34:37.049+01:00  INFO 11076 --- [training-service] [           main] j.LocalContainerEntityManagerFactoryBean : Initialized JPA EntityManagerFactory for persistence unit 'default'
2026-03-05T06:34:37.373+01:00  INFO 11076 --- [training-service] [           main] o.s.d.j.r.query.QueryEnhancerFactory     : Hibernate is in classpath; If applicable, HQL parser will be used.
2026-03-05T06:34:38.389+01:00  WARN 11076 --- [training-service] [           main] JpaBaseConfiguration$JpaWebConfiguration : spring.jpa.open-in-view is enabled by default. Therefore, database queries may be performed during view rendering. Explicitly configure spring.jpa.open-in-view to disable this warning
2026-03-05T06:34:38.905+01:00  WARN 11076 --- [training-service] [           main] .s.s.UserDetailsServiceAutoConfiguration : 

Using generated security password: 4a23f9e5-02aa-4207-8d94-5782823c5e8b

This generated password is for development use only. Your security configuration must be updated before running your application in production.

2026-03-05T06:34:38.920+01:00  INFO 11076 --- [training-service] [           main] r$InitializeUserDetailsManagerConfigurer : Global AuthenticationManager configured with UserDetailsService bean with name inMemoryUserDetailsManager
2026-03-05T06:34:40.124+01:00  WARN 11076 --- [training-service] [           main] ConfigServletWebServerApplicationContext : Exception encountered during context initialization - cancelling refresh attempt: org.springframework.beans.factory.BeanCreationException: Error creating bean with name 'compositeCompatibilityVerifier' defined in class path resource [org/springframework/cloud/configuration/CompatibilityVerifierAutoConfiguration.class]: Failed to instantiate [org.springframework.cloud.configuration.CompositeCompatibilityVerifier]: Factory method 'compositeCompatibilityVerifier' threw exception with message: Spring Cloud/ Spring Boot version compatibility checks have failed: [[VerificationResult@1a5d08c5 description = 'Spring Boot [3.5.10] is not compatible with this Spring Cloud release train', action = 'Change Spring Boot version to one of the following versions [3.2.x, 3.3.x] .
You can find the latest Spring Boot versions here [https://spring.io/projects/spring-boot#learn]. 
If you want to learn more about the Spring Cloud Release train compatibility, you can visit this page [https://spring.io/projects/spring-cloud#overview] and check the [Release Trains] section.
If you want to disable this check, just set the property [spring.cloud.compatibility-verifier.enabled=false]']]
2026-03-05T06:34:40.134+01:00  INFO 11076 --- [training-service] [           main] j.LocalContainerEntityManagerFactoryBean : Closing JPA EntityManagerFactory for persistence unit 'default'
2026-03-05T06:34:40.137+01:00  INFO 11076 --- [training-service] [           main] com.zaxxer.hikari.HikariDataSource       : HikariPool-1 - Shutdown initiated...
2026-03-05T06:34:40.146+01:00  INFO 11076 --- [training-service] [           main] com.zaxxer.hikari.HikariDataSource       : HikariPool-1 - Shutdown completed.
2026-03-05T06:34:40.150+01:00  INFO 11076 --- [training-service] [           main] o.apache.catalina.core.StandardService   : Stopping service [Tomcat]
2026-03-05T06:34:40.165+01:00  INFO 11076 --- [training-service] [           main] .s.b.a.l.ConditionEvaluationReportLogger : 

Error starting ApplicationContext. To display the condition evaluation report re-run your application with 'debug' enabled.
2026-03-05T06:34:40.185+01:00 ERROR 11076 --- [training-service] [           main] o.s.b.d.LoggingFailureAnalysisReporter   : 

***************************
APPLICATION FAILED TO START
***************************

Description:

Your project setup is incompatible with our requirements due to following reasons:

- Spring Boot [3.5.10] is not compatible with this Spring Cloud release train


Action:

Consider applying the following actions:

- Change Spring Boot version to one of the following versions [3.2.x, 3.3.x] .
You can find the latest Spring Boot versions here [https://spring.io/projects/spring-boot#learn]. 
If you want to learn more about the Spring Cloud Release train compatibility, you can visit this page [https://spring.io/projects/spring-cloud#overview] and check the [Release Trains] section.
If you want to disable this check, just set the property [spring.cloud.compatibility-verifier.enabled=false]


